
SQL*Loader: Release 12.2.0.1.0 - Production on Wed Mar 7 02:42:13 2018

Copyright (c) 1982, 2017, Oracle and/or its affiliates.  All rights reserved.

Control File:   farmacia.ctl
Character Set WE8MSWIN1252 specified for all input.

Data File:      archivos/FARMACIAS.txt
  Bad File:     FARMACIAS.bad
  Discard File:  none specified
 
 (Allow all discards)

Number to load: ALL
Number to skip: 2
Errors allowed: 50
Bind array:     64 rows, maximum of 256000 bytes
Continuation:    none specified
Path used:      Conventional

Table FARMACIA, loaded from every logical record.
Insert option in effect for this table: TRUNCATE
TRAILING NULLCOLS option in effect

   Column Name                  Position   Len  Term Encl Datatype
------------------------------ ---------- ----- ---- ---- ---------------------
FM_ID                                1:10    10           CHARACTER            
    SQL string for column : "TRIM(:fm_id)"
FM_NOMBRE                           12:32    21           CHARACTER            
    SQL string for column : "TRIM(:fm_nombre)"
FM_DIRECCION                        34:61    28           CHARACTER            
    SQL string for column : "TRIM(:fm_direccion)"
FM_TELEFONO                         63:70     8           CHARACTER            
    SQL string for column : "TRIM(:fm_telefono)"


Table FARMACIA:
  5 Rows successfully loaded.
  0 Rows not loaded due to data errors.
  0 Rows not loaded because all WHEN clauses were failed.
  0 Rows not loaded because all fields were null.


Space allocated for bind array:                   4864 bytes(64 rows)
Read   buffer bytes: 1048576

Total logical records skipped:          2
Total logical records read:             5
Total logical records rejected:         0
Total logical records discarded:        0

Run began on Wed Mar 07 02:42:13 2018
Run ended on Wed Mar 07 02:42:13 2018

Elapsed time was:     00:00:00.25
CPU time was:         00:00:00.02
