
SQL*Loader: Release 12.2.0.1.0 - Production on Wed Mar 7 02:42:11 2018

Copyright (c) 1982, 2017, Oracle and/or its affiliates.  All rights reserved.

Control File:   paciente.ctl
Character Set WE8MSWIN1252 specified for all input.

Data File:      archivos/PACIENTES.txt
  Bad File:     PACIENTES.bad
  Discard File:  none specified
 
 (Allow all discards)

Number to load: ALL
Number to skip: 2
Errors allowed: 50
Bind array:     64 rows, maximum of 256000 bytes
Continuation:    none specified
Path used:      Conventional

Table PACIENTE, loaded from every logical record.
Insert option in effect for this table: TRUNCATE
TRAILING NULLCOLS option in effect

   Column Name                  Position   Len  Term Encl Datatype
------------------------------ ---------- ----- ---- ---- ---------------------
PC_ID                                1:10    10           CHARACTER            
    SQL string for column : "TRIM(:pc_id)"
PC_NOMBRE                           12:32    21           CHARACTER            
    SQL string for column : "TRIM(:pc_nombre)"
PC_TELEFONO                         44:52     9           CHARACTER            
    SQL string for column : "TRIM(:pc_telefono)"
PC_DIRECCION                        54:84    31           CHARACTER            
    SQL string for column : "TRIM(:pc_direccion)"
DOCTOR_DC_ID                        86:97    12           CHARACTER            
    SQL string for column : "TRIM(:doctor_dc_id)"


Table PACIENTE:
  5 Rows successfully loaded.
  0 Rows not loaded due to data errors.
  0 Rows not loaded because all WHEN clauses were failed.
  0 Rows not loaded because all fields were null.


Space allocated for bind array:                   6144 bytes(64 rows)
Read   buffer bytes: 1048576

Total logical records skipped:          2
Total logical records read:             5
Total logical records rejected:         0
Total logical records discarded:        0

Run began on Wed Mar 07 02:42:11 2018
Run ended on Wed Mar 07 02:42:11 2018

Elapsed time was:     00:00:00.29
CPU time was:         00:00:00.02
