
SQL*Loader: Release 12.2.0.1.0 - Production on Wed Mar 7 02:42:14 2018

Copyright (c) 1982, 2017, Oracle and/or its affiliates.  All rights reserved.

Control File:   pre.ctl
Character Set WE8MSWIN1252 specified for all input.

Data File:      archivos/PRESCRIPCIONES.txt
  Bad File:     PRESCRIPCIONES.bad
  Discard File:  none specified
 
 (Allow all discards)

Number to load: ALL
Number to skip: 2
Errors allowed: 50
Bind array:     64 rows, maximum of 256000 bytes
Continuation:    none specified
Path used:      Conventional

Table PRESCRIPCION, loaded from every logical record.
Insert option in effect for this table: TRUNCATE
TRAILING NULLCOLS option in effect

   Column Name                  Position   Len  Term Encl Datatype
------------------------------ ---------- ----- ---- ---- ---------------------
PACIENTE_PC_ID                       1:10    10           CHARACTER            
    SQL string for column : "TRIM(:paciente_pc_id)"
DOCTOR_DC_ID                        12:21    10           CHARACTER            
    SQL string for column : "TRIM(:doctor_dc_id)"
MEDICINA_MD_ID                      23:32    10           CHARACTER            
    SQL string for column : "TRIM(:medicina_md_id)"
FECHA                               34:43    10           CHARACTER            
    SQL string for column : "TO_DATE(:fecha,'YYYY/MM/DD','NLS_DATE_LANGUAGE=ENGLISH')"
CANTIDAD                            45:54    10           CHARACTER            
    SQL string for column : "TRIM(:cantidad)"

Record 5: Discarded - all columns null.
Record 6: Discarded - all columns null.
Record 7: Discarded - all columns null.

Table PRESCRIPCION:
  4 Rows successfully loaded.
  0 Rows not loaded due to data errors.
  0 Rows not loaded because all WHEN clauses were failed.
  3 Rows not loaded because all fields were null.


Space allocated for bind array:                   3840 bytes(64 rows)
Read   buffer bytes: 1048576

Total logical records skipped:          2
Total logical records read:             7
Total logical records rejected:         0
Total logical records discarded:        3

Run began on Wed Mar 07 02:42:14 2018
Run ended on Wed Mar 07 02:42:15 2018

Elapsed time was:     00:00:00.25
CPU time was:         00:00:00.02
